TN:
SF:/var/jenkins_home/DevSecOps-proyectoUnir/venv/lib/python3.13/site-packages/flask/__init__.py
DA:1,1
DA:2,1
DA:3,1
DA:4,1
DA:5,1
DA:6,1
DA:7,1
DA:8,1
DA:9,1
DA:10,1
DA:11,1
DA:12,1
DA:13,1
DA:14,1
DA:15,1
DA:16,1
DA:17,1
DA:18,1
DA:19,1
DA:20,1
DA:21,1
DA:22,1
DA:23,1
DA:24,1
DA:25,1
DA:26,1
DA:27,1
DA:28,1
DA:29,1
DA:30,1
DA:31,1
DA:32,1
DA:33,1
DA:34,1
DA:35,1
DA:36,1
DA:37,1
DA:38,1
DA:39,1
DA:41,1
DA:44,1
DA:45,0
DA:46,0
DA:47,0
DA:49,0
DA:54,0
DA:56,0
DA:57,0
DA:58,0
DA:60,0
DA:65,0
DA:67,0
DA:68,0
DA:69,0
DA:71,0
DA:77,0
DA:79,0
DA:80,0
DA:81,0
DA:83,0
DA:89,0
DA:91,0
DA:92,0
DA:94,0
DA:100,0
DA:102,0
LF:66
LH:41
end_of_record
TN:
SF:/var/jenkins_home/DevSecOps-proyectoUnir/venv/lib/python3.13/site-packages/flask/__main__.py
DA:1,0
DA:3,0
LF:2
LH:0
end_of_record
TN:
SF:/var/jenkins_home/DevSecOps-proyectoUnir/venv/lib/python3.13/site-packages/flask/app.py
DA:1,1
DA:3,1
DA:4,1
DA:5,1
DA:6,1
DA:7,1
DA:8,1
DA:9,1
DA:10,1
DA:11,1
DA:12,1
DA:13,1
DA:15,1
DA:16,1
DA:17,1
DA:18,1
DA:19,1
DA:20,1
DA:21,1
DA:22,1
DA:23,1
DA:24,1
DA:25,1
DA:26,1
DA:27,1
DA:28,1
DA:29,1
DA:30,1
DA:31,1
DA:32,1
DA:34,1
DA:35,1
DA:36,1
DA:37,1
DA:38,1
DA:39,1
DA:40,1
DA:41,1
DA:42,1
DA:43,1
DA:44,1
DA:45,1
DA:46,1
DA:47,1
DA:48,1
DA:49,1
DA:50,1
DA:51,1
DA:52,1
DA:53,1
DA:54,1
DA:55,1
DA:56,1
DA:57,1
DA:58,1
DA:59,1
DA:60,1
DA:61,1
DA:62,1
DA:63,1
DA:64,1
DA:65,1
DA:66,1
DA:67,1
DA:68,1
DA:69,1
DA:76,1
DA:79,1
DA:80,1
DA:81,1
DA:82,1
DA:85,1
DA:86,0
DA:87,0
DA:89,0
DA:92,1
DA:191,1
DA:195,1
DA:205,1
DA:210,1
DA:226,1
DA:237,1
DA:249,1
DA:257,1
DA:266,1
DA:270,1
DA:271,1
DA:291,1
DA:294,1
DA:326,1
DA:332,1
DA:338,1
DA:346,1
DA:352,1
DA:354,1
DA:367,1
DA:375,1
DA:376,1
DA:377,0
DA:378,0
DA:386,1
DA:391,1
DA:399,1
DA:401,1
DA:402,1
DA:425,1
DA:435,1
DA:441,1
DA:449,1
DA:460,1
DA:477,1
DA:479,1
DA:480,1
DA:484,1
DA:491,1
DA:492,1
DA:497,1
DA:498,1
DA:507,1
DA:509,1
DA:510,1
DA:511,0
DA:521,1
DA:522,1
DA:531,1
DA:532,0
DA:533,0
DA:534,0
DA:535,0
DA:536,1
DA:538,1
DA:539,1
DA:563,0
DA:565,1
DA:566,1
DA:573,0
DA:575,1
DA:576,1
DA:585,0
DA:587,0
DA:592,0
DA:594,1
DA:603,1
DA:604,1
DA:605,0
DA:606,1
DA:607,1
DA:608,1
DA:610,1
DA:620,1
DA:622,1
DA:630,1
DA:631,1
DA:632,1
DA:633,0
DA:635,1
DA:645,0
DA:647,1
DA:659,0
DA:661,0
DA:662,0
DA:664,0
DA:665,0
DA:667,0
DA:668,0
DA:670,0
DA:672,0
DA:673,0
DA:684,0
DA:685,0
DA:687,1
DA:698,0
DA:700,1
DA:709,0
DA:710,0
DA:711,0
DA:713,1
DA:724,0
DA:727,0
DA:728,0
DA:732,0
DA:734,0
DA:735,0
DA:736,0
DA:737,0
DA:739,0
DA:741,1
DA:748,0
DA:749,0
DA:750,0
DA:751,0
DA:753,1
DA:754,1
DA:764,1
DA:766,1
DA:767,1
DA:768,0
DA:770,0
DA:771,0
DA:773,1
DA:838,0
DA:839,0
DA:840,0
DA:848,0
DA:850,0
DA:851,0
DA:854,0
DA:855,0
DA:858,0
DA:859,0
DA:861,0
DA:862,0
DA:864,0
DA:865,0
DA:867,0
DA:868,0
DA:869,0
DA:871,0
DA:873,0
DA:874,0
DA:875,0
DA:876,0
DA:878,0
DA:880,0
DA:881,0
DA:882,0
DA:884,0
DA:886,0
DA:888,0
DA:889,0
DA:894,0
DA:896,1
DA:947,1
DA:948,1
DA:949,1
DA:950,1
DA:954,1
DA:964,0
DA:966,0
DA:967,0
DA:969,0
DA:971,1
DA:972,1
DA:997,0
DA:999,1
DA:1004,0
DA:1006,1
DA:1007,1
DA:1015,1
DA:1016,1
DA:1017,1
DA:1018,1
DA:1023,1
DA:1024,1
DA:1025,1
DA:1026,0
DA:1030,1
DA:1033,1
DA:1037,1
DA:1038,1
DA:1042,1
DA:1043,1
DA:1044,1
DA:1045,1
DA:1047,0
DA:1050,1
DA:1052,1
DA:1053,1
DA:1055,1
DA:1056,1
DA:1057,1
DA:1058,1
DA:1059,0
DA:1063,1
DA:1065,1
DA:1066,1
DA:1081,0
DA:1082,0
DA:1083,0
DA:1085,0
DA:1087,1
DA:1088,1
DA:1097,0
DA:1099,1
DA:1100,1
DA:1122,0
DA:1123,0
DA:1124,0
DA:1126,0
DA:1128,1
DA:1129,1
DA:1140,0
DA:1142,1
DA:1143,1
DA:1160,0
DA:1161,0
DA:1162,0
DA:1164,0
DA:1166,1
DA:1167,1
DA:1178,0
DA:1180,1
DA:1181,1
DA:1211,0
DA:1212,0
DA:1214,1
DA:1215,1
DA:1222,0
DA:1223,0
DA:1225,1
DA:1231,0
DA:1232,0
DA:1234,0
DA:1235,0
DA:1236,0
DA:1238,0
DA:1239,0
DA:1241,0
DA:1242,0
DA:1244,0
DA:1245,0
DA:1246,0
DA:1248,1
DA:1269,0
DA:1270,0
DA:1275,0
DA:1276,0
DA:1278,0
DA:1279,0
DA:1280,0
DA:1281,0
DA:1283,1
DA:1300,0
DA:1301,0
DA:1303,0
DA:1306,0
DA:1311,0
DA:1313,0
DA:1314,0
DA:1316,0
DA:1318,1
DA:1335,0
DA:1338,0
DA:1340,0
DA:1341,0
DA:1343,0
DA:1345,0
DA:1346,0
DA:1348,0
DA:1350,1
DA:1378,0
DA:1379,0
DA:1380,0
DA:1382,0
DA:1383,0
DA:1385,0
DA:1388,0
DA:1389,0
DA:1391,0
DA:1393,0
DA:1395,0
DA:1396,0
DA:1398,0
DA:1399,0
DA:1401,0
DA:1403,1
DA:1414,0
DA:1418,1
DA:1434,0
DA:1440,0
DA:1442,0
DA:1444,0
DA:1446,1
DA:1456,1
DA:1457,1
DA:1458,0
DA:1459,1
DA:1462,1
DA:1466,0
DA:1468,1
DA:1469,1
DA:1471,1
DA:1478,1
DA:1480,1
DA:1481,1
DA:1482,1
DA:1483,1
DA:1484,1
DA:1485,0
DA:1486,0
DA:1487,1
DA:1489,1
DA:1506,1
DA:1507,1
DA:1508,1
DA:1509,1
DA:1512,0
DA:1513,0
DA:1514,0
DA:1515,0
DA:1518,1
DA:1520,1
DA:1527,0
DA:1528,0
DA:1529,0
DA:1530,0
DA:1531,0
DA:1533,1
DA:1541,0
DA:1543,1
DA:1552,1
DA:1553,0
DA:1555,1
DA:1557,1
DA:1571,0
DA:1572,0
DA:1573,0
DA:1574,0
DA:1578,0
DA:1580,1
DA:1636,0
DA:1638,0
DA:1639,0
DA:1640,0
DA:1644,0
DA:1645,0
DA:1646,0
DA:1648,0
DA:1652,0
DA:1653,0
DA:1655,0
DA:1660,0
DA:1661,0
DA:1663,0
DA:1665,0
DA:1666,0
DA:1675,0
DA:1676,0
DA:1680,0
DA:1681,0
DA:1683,0
DA:1685,0
DA:1686,0
DA:1693,0
DA:1694,0
DA:1697,0
DA:1699,0
DA:1700,0
DA:1701,0
DA:1703,0
DA:1705,1
DA:1717,0
DA:1719,1
DA:1776,1
DA:1779,1
DA:1780,1
DA:1783,1
DA:1784,0
DA:1786,1
DA:1787,1
DA:1788,0
DA:1790,1
DA:1793,0
DA:1800,1
DA:1801,0
DA:1808,1
DA:1809,1
DA:1813,1
DA:1818,1
DA:1819,0
DA:1820,0
DA:1821,0
DA:1824,0
DA:1825,0
DA:1828,0
DA:1829,0
DA:1837,0
DA:1845,1
DA:1847,1
DA:1848,1
DA:1849,0
DA:1851,1
DA:1854,1
DA:1855,0
DA:1857,1
DA:1859,1
DA:1874,1
DA:1878,1
DA:1879,1
DA:1881,0
DA:1883,1
DA:1890,1
DA:1891,0
DA:1897,1
DA:1899,1
DA:1906,0
DA:1910,0
DA:1911,0
DA:1915,0
DA:1916,0
DA:1917,0
DA:1918,0
DA:1920,1
DA:1937,0
DA:1938,0
DA:1939,0
DA:1940,0
DA:1942,0
DA:1944,0
DA:1945,0
DA:1949,0
DA:1950,0
DA:1952,0
DA:1954,1
DA:1964,1
DA:1966,1
DA:1967,1
DA:1968,0
DA:1969,0
DA:1971,1
DA:1972,1
DA:1973,0
DA:1974,0
DA:1976,0
DA:1977,0
DA:1979,1
DA:1981,1
DA:1994,1
DA:1996,1
DA:1997,0
DA:1999,1
DA:2000,1
DA:2001,0
DA:2002,0
DA:2004,1
DA:2005,0
DA:2007,1
DA:2009,1
DA:2032,1
DA:2033,0
DA:2035,1
DA:2036,1
DA:2037,0
DA:2038,0
DA:2040,1
DA:2042,1
DA:2059,1
DA:2060,0
DA:2062,1
DA:2063,0
DA:2065,1
DA:2067,1
DA:2086,1
DA:2088,1
DA:2102,1
DA:2104,1
DA:2151,0
DA:2153,0
DA:2155,0
DA:2156,0
DA:2158,0
DA:2160,1
DA:2185,1
DA:2186,1
DA:2187,1
DA:2188,1
DA:2189,1
DA:2190,1
DA:2191,0
DA:2192,0
DA:2193,0
DA:2194,0
DA:2195,0
DA:2196,0
DA:2197,1
DA:2199,1
DA:2200,1
DA:2201,1
DA:2203,1
DA:2204,0
DA:2206,1
DA:2208,1
DA:2213,1
LF:583
LH:307
end_of_record
TN:
SF:/var/jenkins_home/DevSecOps-proyectoUnir/venv/lib/python3.13/site-packages/flask/blueprints.py
DA:1,1
DA:3,1
DA:4,1
DA:5,1
DA:6,1
DA:8,1
DA:9,1
DA:10,1
DA:11,1
DA:12,1
DA:17,1
DA:18,1
DA:19,1
DA:20,1
DA:21,1
DA:22,1
DA:25,1
DA:26,1
DA:27,1
DA:28,1
DA:29,1
DA:34,1
DA:41,1
DA:49,0
DA:52,0
DA:56,0
DA:62,0
DA:64,0
DA:65,0
DA:66,0
DA:70,0
DA:72,0
DA:73,0
DA:74,0
DA:77,0
DA:79,0
DA:80,0
DA:84,0
DA:85,0
DA:87,1
DA:98,0
DA:99,0
DA:100,0
DA:102,0
DA:103,0
DA:104,0
DA:105,0
DA:106,0
DA:107,0
DA:108,0
DA:110,0
DA:119,1
DA:172,1
DA:174,1
DA:187,0
DA:195,0
DA:196,0
DA:198,0
DA:199,0
DA:201,0
DA:202,0
DA:203,0
DA:204,0
DA:206,0
DA:207,0
DA:209,0
DA:210,0
DA:211,0
DA:213,1
DA:214,0
DA:215,0
DA:223,1
DA:224,1
DA:230,0
DA:232,1
DA:233,1
DA:240,0
DA:241,0
DA:242,0
DA:244,0
DA:246,1
DA:253,0
DA:255,1
DA:256,1
DA:269,0
DA:270,0
DA:271,0
DA:273,1
DA:302,0
DA:303,0
DA:304,0
DA:306,0
DA:307,0
DA:308,0
DA:310,0
DA:316,0
DA:317,0
DA:319,0
DA:320,0
DA:321,0
DA:323,0
DA:324,0
DA:331,0
DA:333,0
DA:334,0
DA:335,0
DA:336,0
DA:338,0
DA:339,0
DA:340,0
DA:349,0
DA:351,0
DA:352,0
DA:354,0
DA:355,0
DA:356,0
DA:360,0
DA:361,0
DA:362,0
DA:364,0
DA:365,0
DA:367,0
DA:369,0
DA:370,0
DA:371,0
DA:372,0
DA:373,0
DA:374,0
DA:376,0
DA:377,0
DA:379,0
DA:380,0
DA:381,0
DA:382,0
DA:384,0
DA:385,0
DA:387,0
DA:388,0
DA:389,0
DA:390,0
DA:391,0
DA:392,0
DA:394,0
DA:395,0
DA:397,0
DA:398,0
DA:401,0
DA:402,0
DA:403,0
DA:404,0
DA:406,0
DA:407,0
DA:409,1
DA:410,1
DA:424,0
DA:425,0
DA:427,0
DA:428,0
DA:430,0
DA:440,1
DA:441,1
DA:451,0
DA:452,0
DA:453,0
DA:455,0
DA:457,1
DA:458,1
DA:469,0
DA:470,0
DA:472,0
DA:474,1
DA:475,1
DA:487,0
DA:488,0
DA:489,0
DA:491,0
DA:493,1
DA:494,1
DA:507,0
DA:508,0
DA:510,0
DA:512,1
DA:513,1
DA:525,0
DA:526,0
DA:527,0
DA:529,0
DA:531,1
DA:532,1
DA:545,0
DA:546,0
DA:548,0
DA:550,1
DA:551,1
DA:555,0
DA:558,0
DA:560,1
DA:561,1
DA:565,0
DA:568,0
DA:570,1
DA:571,1
DA:575,0
DA:578,0
DA:580,1
DA:581,1
DA:587,0
DA:590,0
DA:592,1
DA:593,1
DA:600,0
DA:601,0
DA:602,0
DA:604,0
DA:606,1
DA:607,1
DA:613,0
DA:616,0
DA:618,1
DA:619,1
DA:623,0
DA:626,0
LF:222
LH:64
end_of_record
TN:
SF:/var/jenkins_home/DevSecOps-proyectoUnir/venv/lib/python3.13/site-packages/flask/cli.py
DA:1,1
DA:3,1
DA:4,1
DA:5,1
DA:6,1
DA:7,1
DA:8,1
DA:9,1
DA:10,1
DA:11,1
DA:12,1
DA:13,1
DA:15,1
DA:16,1
DA:17,1
DA:18,1
DA:19,1
DA:21,1
DA:22,1
DA:23,1
DA:29,1
DA:33,1
DA:37,0
DA:40,0
DA:41,0
DA:43,0
DA:44,0
DA:47,0
DA:49,0
DA:50,0
DA:51,0
DA:52,0
DA:59,0
DA:60,0
DA:62,0
DA:63,0
DA:64,0
DA:66,0
DA:67,0
DA:68,0
DA:69,0
DA:70,0
DA:72,0
DA:79,0
DA:86,1
DA:94,0
DA:96,0
DA:97,0
DA:98,0
DA:100,0
DA:102,0
DA:105,0
DA:109,0
DA:112,1
DA:116,0
DA:120,0
DA:121,0
DA:122,0
DA:123,0
DA:127,0
DA:128,0
DA:129,0
DA:130,0
DA:131,0
DA:133,0
DA:134,0
DA:138,0
DA:141,0
DA:142,0
DA:143,0
DA:144,0
DA:147,0
DA:151,0
DA:155,0
DA:156,0
DA:157,0
DA:158,0
DA:164,0
DA:165,0
DA:166,0
DA:167,0
DA:168,0
DA:169,0
DA:171,0
DA:177,0
DA:179,0
DA:180,0
DA:182,0
DA:188,1
DA:192,0
DA:194,0
DA:195,0
DA:196,0
DA:198,0
DA:199,0
DA:201,0
DA:204,0
DA:205,0
DA:206,0
DA:208,0
DA:209,0
DA:211,0
DA:212,0
DA:214,0
DA:217,1
DA:218,0
DA:219,0
DA:220,0
DA:223,0
DA:224,0
DA:228,0
DA:229,0
DA:231,0
DA:233,0
DA:235,0
DA:236,0
DA:238,0
DA:241,1
DA:242,0
DA:243,0
DA:245,0
DA:246,0
DA:248,0
DA:254,0
DA:257,1
DA:267,1
DA:276,1
DA:283,0
DA:286,0
DA:289,0
DA:290,0
DA:291,0
DA:293,1
DA:298,0
DA:299,0
DA:301,0
DA:302,0
DA:304,0
DA:305,0
DA:308,0
DA:309,0
DA:311,0
DA:312,0
DA:313,0
DA:315,0
DA:316,0
DA:318,0
DA:319,0
DA:326,0
DA:329,0
DA:331,0
DA:332,0
DA:335,1
DA:338,1
DA:352,1
DA:353,1
DA:354,0
DA:355,0
DA:356,0
DA:358,0
DA:360,1
DA:363,1
DA:371,1
DA:376,0
DA:378,0
DA:379,0
DA:380,0
DA:381,0
DA:383,0
DA:385,1
DA:390,0
DA:391,0
DA:394,1
DA:395,0
DA:396,0
DA:398,0
DA:399,0
DA:400,0
DA:407,1
DA:422,1
DA:425,0
DA:427,0
DA:431,0
DA:435,0
DA:436,0
DA:439,1
DA:447,1
DA:450,0
DA:451,0
DA:453,0
DA:455,0
DA:456,0
DA:457,0
DA:458,0
DA:466,0
DA:467,0
DA:472,1
DA:482,1
DA:511,1
DA:520,1
DA:525,1
DA:527,1
DA:528,1
DA:530,1
DA:531,1
DA:533,1
DA:535,1
DA:537,1
DA:538,1
DA:539,1
DA:541,1
DA:542,1
DA:543,1
DA:544,1
DA:546,1
DA:548,1
DA:549,0
DA:550,0
DA:552,0
DA:553,0
DA:558,0
DA:560,0
DA:561,0
DA:563,0
DA:565,1
DA:566,0
DA:569,0
DA:571,0
DA:572,0
DA:574,0
DA:578,0
DA:579,0
DA:580,0
DA:581,0
DA:582,0
DA:587,0
DA:588,0
DA:590,0
DA:592,1
DA:593,0
DA:595,0
DA:596,0
DA:600,0
DA:601,0
DA:602,0
DA:605,0
DA:606,0
DA:609,0
DA:611,0
DA:613,1
DA:623,0
DA:627,0
DA:628,0
DA:630,0
DA:631,0
DA:635,0
DA:637,1
DA:638,0
DA:642,0
DA:643,0
DA:645,0
DA:648,1
DA:652,0
DA:655,1
DA:681,0
DA:682,0
DA:683,0
DA:684,0
DA:685,0
DA:692,0
DA:696,0
DA:697,0
DA:698,0
DA:700,0
DA:702,0
DA:704,0
DA:705,0
DA:707,0
DA:708,0
DA:710,0
DA:711,0
DA:713,0
DA:716,1
DA:720,0
DA:721,0
DA:723,0
DA:724,0
DA:726,0
DA:727,0
DA:730,1
DA:736,1
DA:738,1
DA:739,1
DA:741,1
DA:742,0
DA:743,0
DA:744,0
DA:745,0
DA:751,0
DA:752,0
DA:753,0
DA:754,0
DA:756,0
DA:757,0
DA:758,0
DA:759,0
DA:760,0
DA:766,0
DA:768,0
DA:770,0
DA:771,0
DA:773,0
DA:776,1
DA:780,0
DA:781,0
DA:783,0
DA:784,0
DA:785,0
DA:786,0
DA:788,0
DA:790,0
DA:791,0
DA:792,0
DA:796,0
DA:797,0
DA:801,0
DA:802,0
DA:804,0
DA:807,0
DA:808,0
DA:810,0
DA:813,1
DA:819,1
DA:820,0
DA:821,0
DA:822,0
DA:825,1
DA:826,1
DA:827,1
DA:828,1
DA:834,1
DA:841,1
DA:847,1
DA:853,1
DA:858,1
DA:867,1
DA:877,1
DA:878,1
DA:897,0
DA:898,0
DA:899,0
DA:900,0
DA:903,0
DA:904,0
DA:906,0
DA:907,0
DA:912,0
DA:914,0
DA:916,0
DA:917,0
DA:919,0
DA:920,0
DA:922,0
DA:924,0
DA:937,1
DA:940,1
DA:941,1
DA:942,1
DA:950,0
DA:952,0
DA:957,0
DA:961,0
DA:962,0
DA:963,0
DA:964,0
DA:966,0
DA:971,0
DA:973,0
DA:974,0
DA:975,0
DA:976,0
DA:977,0
DA:978,0
DA:982,0
DA:984,0
DA:986,0
DA:989,1
DA:990,1
DA:1000,1
DA:1001,1
DA:1002,1
DA:1004,0
DA:1006,0
DA:1007,0
DA:1008,0
DA:1010,0
DA:1011,0
DA:1012,0
DA:1013,0
DA:1015,0
DA:1016,0
DA:1021,0
DA:1022,0
DA:1024,0
DA:1025,0
DA:1027,0
DA:1028,0
DA:1030,0
DA:1031,0
DA:1032,0
DA:1034,0
DA:1035,0
DA:1037,0
DA:1038,0
DA:1039,0
DA:1040,0
DA:1042,0
DA:1043,0
DA:1044,0
DA:1045,0
DA:1047,0
DA:1048,0
DA:1051,1
DA:1063,1
DA:1064,0
DA:1067,1
DA:1068,0
LF:427
LH:103
end_of_record
TN:
SF:/var/jenkins_home/DevSecOps-proyectoUnir/venv/lib/python3.13/site-packages/flask/config.py
DA:1,1
DA:3,1
DA:4,1
DA:5,1
DA:6,1
DA:7,1
DA:9,1
DA:12,1
DA:15,1
DA:16,1
DA:17,1
DA:19,1
DA:20,1
DA:21,0
DA:22,1
DA:23,1
DA:24,0
DA:25,1
DA:27,1
DA:28,0
DA:31,1
DA:75,1
DA:78,1
DA:79,1
DA:81,1
DA:93,0
DA:94,0
DA:95,0
DA:96,0
DA:97,0
DA:103,0
DA:105,1
DA:131,0
DA:132,0
DA:134,0
DA:135,0
DA:136,0
DA:138,0
DA:140,0
DA:141,0
DA:142,0
DA:144,0
DA:147,0
DA:149,0
DA:151,0
DA:152,0
DA:155,0
DA:156,0
DA:158,0
DA:160,0
DA:161,0
DA:163,0
DA:165,0
DA:167,0
DA:169,1
DA:184,0
DA:185,0
DA:186,0
DA:187,0
DA:188,0
DA:189,0
DA:190,0
DA:191,0
DA:192,0
DA:193,0
DA:194,0
DA:195,0
DA:196,0
DA:198,1
DA:230,0
DA:231,0
DA:232,0
DA:233,0
DA:234,0
DA:236,1
DA:270,0
DA:272,0
DA:273,0
DA:274,0
DA:275,0
DA:276,0
DA:277,0
DA:279,0
DA:280,0
DA:282,0
DA:284,1
DA:294,0
DA:295,0
DA:296,0
DA:297,0
DA:298,0
DA:299,0
DA:300,0
DA:301,0
DA:303,1
DA:333,0
DA:334,0
DA:335,0
DA:336,0
DA:337,0
DA:338,0
DA:340,0
DA:341,0
DA:342,0
DA:343,0
DA:344,0
DA:346,1
DA:347,0
LF:108
LH:29
end_of_record
TN:
SF:/var/jenkins_home/DevSecOps-proyectoUnir/venv/lib/python3.13/site-packages/flask/ctx.py
DA:1,1
DA:3,1
DA:4,1
DA:5,1
DA:6,1
DA:7,1
DA:9,1
DA:11,1
DA:12,1
DA:13,1
DA:14,1
DA:15,1
DA:24,1
DA:27,1
DA:50,1
DA:51,0
DA:52,0
DA:53,0
DA:54,0
DA:56,1
DA:57,0
DA:59,1
DA:60,0
DA:61,0
DA:62,0
DA:63,0
DA:65,1
DA:74,0
DA:76,1
DA:85,0
DA:86,0
DA:88,0
DA:90,1
DA:100,0
DA:102,1
DA:103,0
DA:105,1
DA:106,0
DA:108,1
DA:109,0
DA:110,0
DA:111,0
DA:112,0
DA:115,1
DA:136,0
DA:138,0
DA:139,0
DA:144,0
DA:145,0
DA:148,1
DA:172,0
DA:174,0
DA:175,0
DA:180,0
DA:182,0
DA:183,0
DA:184,0
DA:186,0
DA:189,1
DA:218,0
DA:221,1
DA:228,0
DA:231,1
DA:238,1
DA:239,1
DA:240,1
DA:241,1
DA:242,1
DA:244,1
DA:246,1
DA:247,1
DA:249,1
DA:251,1
DA:252,1
DA:253,1
DA:254,0
DA:255,1
DA:257,1
DA:258,1
DA:260,1
DA:261,0
DA:265,1
DA:267,1
DA:268,1
DA:269,1
DA:271,1
DA:277,1
DA:280,1
DA:302,1
DA:309,1
DA:310,1
DA:311,1
DA:312,1
DA:313,1
DA:314,1
DA:315,1
DA:316,1
DA:317,0
DA:318,0
DA:319,1
DA:320,1
DA:324,1
DA:326,1
DA:328,1
DA:341,0
DA:348,1
DA:352,1
DA:353,1
DA:354,1
DA:355,0
DA:356,0
DA:358,1
DA:361,1
DA:363,1
DA:364,1
DA:365,1
DA:367,0
DA:369,1
DA:375,1
DA:376,1
DA:377,1
DA:379,1
DA:380,1
DA:384,1
DA:385,1
DA:387,1
DA:395,1
DA:397,1
DA:398,1
DA:399,1
DA:400,0
DA:401,1
DA:403,1
DA:404,1
DA:405,1
DA:407,1
DA:408,1
DA:409,1
DA:413,1
DA:414,1
DA:416,1
DA:417,1
DA:419,1
DA:420,0
DA:424,1
DA:425,1
DA:426,1
DA:428,1
DA:434,1
DA:436,1
DA:437,0
LF:151
LH:105
end_of_record
TN:
SF:/var/jenkins_home/DevSecOps-proyectoUnir/venv/lib/python3.13/site-packages/flask/debughelpers.py
DA:1,0
DA:3,0
DA:5,0
DA:6,0
DA:7,0
DA:10,0
DA:16,0
DA:21,0
DA:22,0
DA:23,0
DA:31,0
DA:32,0
DA:33,0
DA:37,0
DA:39,0
DA:40,0
DA:43,0
DA:50,0
DA:51,0
DA:52,0
DA:57,0
DA:58,0
DA:64,0
DA:70,0
DA:73,0
DA:80,0
DA:82,0
DA:83,0
DA:84,0
DA:85,0
DA:86,0
DA:87,0
DA:88,0
DA:90,0
DA:94,0
DA:95,0
DA:96,0
DA:99,0
DA:100,0
DA:101,0
DA:102,0
DA:103,0
DA:104,0
DA:105,0
DA:106,0
DA:107,0
DA:108,0
DA:109,0
DA:110,0
DA:111,0
DA:112,0
DA:113,0
DA:116,0
DA:118,0
DA:119,0
DA:120,0
DA:121,0
DA:122,0
DA:124,0
DA:125,0
DA:126,0
DA:127,0
DA:128,0
DA:130,0
DA:132,0
DA:134,0
DA:135,0
DA:137,0
DA:138,0
DA:140,0
DA:141,0
DA:142,0
DA:144,0
DA:145,0
DA:146,0
DA:147,0
DA:148,0
DA:149,0
DA:150,0
DA:152,0
DA:153,0
DA:157,0
DA:158,0
DA:160,0
LF:84
LH:0
end_of_record
TN:
SF:/var/jenkins_home/DevSecOps-proyectoUnir/venv/lib/python3.13/site-packages/flask/globals.py
DA:1,1
DA:3,1
DA:4,1
DA:6,1
DA:17,1
DA:18,1
DA:19,1
DA:20,1
DA:22,1
DA:23,1
DA:24,0
DA:26,0
DA:33,0
DA:36,1
DA:43,1
DA:44,1
DA:45,1
DA:48,1
DA:51,1
DA:55,1
DA:62,1
DA:63,1
DA:64,1
DA:67,1
DA:70,1
DA:75,1
DA:76,1
DA:77,0
DA:79,0
DA:84,0
DA:86,1
DA:87,0
DA:89,0
DA:94,0
DA:96,1
LF:35
LH:26
end_of_record
TN:
SF:/var/jenkins_home/DevSecOps-proyectoUnir/venv/lib/python3.13/site-packages/flask/helpers.py
DA:1,1
DA:3,1
DA:4,1
DA:5,1
DA:6,1
DA:7,1
DA:8,1
DA:9,1
DA:10,1
DA:11,1
DA:12,1
DA:14,1
DA:15,1
DA:16,1
DA:18,1
DA:19,1
DA:20,1
DA:21,1
DA:22,1
DA:23,1
DA:30,1
DA:34,1
DA:35,1
DA:38,1
DA:45,0
DA:47,0
DA:48,0
DA:50,0
DA:53,1
DA:91,0
DA:92,0
DA:93,0
DA:95,0
DA:96,0
DA:97,0
DA:99,0
DA:101,0
DA:102,0
DA:103,0
DA:104,0
DA:108,0
DA:111,0
DA:117,0
DA:118,0
DA:120,0
DA:121,0
DA:127,0
DA:128,0
DA:129,0
DA:132,1
DA:174,0
DA:175,0
DA:176,0
DA:177,0
DA:178,0
DA:181,1
DA:225,0
DA:235,1
DA:253,0
DA:254,0
DA:256,0
DA:259,1
DA:276,0
DA:277,0
DA:279,0
DA:282,1
DA:301,0
DA:304,1
DA:326,0
DA:327,0
DA:328,0
DA:329,0
DA:330,0
DA:338,1
DA:369,0
DA:370,0
DA:371,0
DA:372,0
DA:373,0
DA:374,0
DA:375,0
DA:376,0
DA:377,0
DA:380,1
DA:381,0
DA:382,0
DA:384,0
DA:390,0
DA:393,1
DA:504,0
DA:519,1
DA:557,0
DA:562,1
DA:572,1
DA:574,1
DA:575,1
DA:578,0
DA:579,0
DA:581,0
DA:582,0
DA:583,0
DA:584,0
DA:586,0
DA:591,0
DA:592,0
DA:594,0
DA:595,0
DA:598,0
DA:599,0
DA:600,0
DA:605,0
DA:606,0
DA:616,0
DA:619,1
DA:632,1
DA:638,0
DA:640,0
DA:646,0
DA:647,0
DA:649,1
DA:650,0
DA:651,0
DA:653,0
DA:654,0
DA:656,1
DA:657,0
DA:658,0
DA:660,1
DA:661,0
DA:662,0
DA:665,1
DA:677,0
DA:683,0
DA:684,0
DA:685,0
DA:686,0
DA:687,0
DA:689,0
DA:691,0
DA:694,1
DA:695,1
DA:696,0
DA:698,0
DA:699,0
DA:701,0
LF:145
LH:47
end_of_record
TN:
SF:/var/jenkins_home/DevSecOps-proyectoUnir/venv/lib/python3.13/site-packages/flask/json/__init__.py
DA:1,1
DA:3,1
DA:4,1
DA:6,1
DA:7,1
DA:13,1
DA:40,0
DA:41,0
DA:43,0
DA:44,0
DA:47,1
DA:70,0
DA:71,0
DA:73,0
DA:74,0
DA:77,1
DA:102,0
DA:103,0
DA:105,0
DA:108,1
DA:132,0
DA:133,0
DA:135,0
DA:138,1
DA:170,1
LF:25
LH:11
end_of_record
TN:
SF:/var/jenkins_home/DevSecOps-proyectoUnir/venv/lib/python3.13/site-packages/flask/json/provider.py
DA:1,1
DA:3,1
DA:4,1
DA:5,1
DA:6,1
DA:7,1
DA:8,1
DA:9,1
DA:11,1
DA:18,1
DA:37,1
DA:38,1
DA:40,1
DA:48,1
DA:56,0
DA:58,1
DA:66,1
DA:72,0
DA:74,1
DA:77,1
DA:78,0
DA:80,1
DA:81,0
DA:83,1
DA:84,1
DA:86,0
DA:88,1
DA:103,0
DA:104,0
DA:107,1
DA:108,0
DA:109,0
DA:111,0
DA:112,0
DA:114,0
DA:115,0
DA:117,0
DA:118,0
DA:120,0
DA:123,1
DA:137,1
DA:140,1
DA:145,1
DA:146,1
DA:151,1
DA:152,1
DA:158,1
DA:159,1
DA:164,1
DA:165,1
DA:167,1
DA:177,1
DA:178,1
DA:179,1
DA:180,1
DA:182,1
DA:188,1
DA:190,1
DA:206,1
DA:207,1
DA:209,1
DA:210,0
DA:212,1
DA:214,1
LF:64
LH:47
end_of_record
TN:
SF:/var/jenkins_home/DevSecOps-proyectoUnir/venv/lib/python3.13/site-packages/flask/json/tag.py
DA:43,1
DA:45,1
DA:46,1
DA:47,1
DA:48,1
DA:49,1
DA:51,1
DA:52,1
DA:53,1
DA:55,1
DA:56,1
DA:59,1
DA:62,1
DA:66,1
DA:68,1
DA:70,1
DA:72,1
DA:76,1
DA:81,1
DA:86,1
DA:89,0
DA:92,1
DA:99,1
DA:100,1
DA:102,1
DA:103,0
DA:109,1
DA:110,0
DA:111,0
DA:113,1
DA:114,0
DA:115,0
DA:118,1
DA:119,1
DA:121,1
DA:122,0
DA:124,1
DA:127,0
DA:129,1
DA:132,1
DA:133,1
DA:134,1
DA:136,1
DA:137,0
DA:139,1
DA:140,0
DA:142,1
DA:143,0
DA:146,1
DA:147,1
DA:149,1
DA:150,0
DA:152,1
DA:153,0
DA:155,1
DA:158,1
DA:159,1
DA:160,1
DA:162,1
DA:163,0
DA:165,1
DA:166,0
DA:168,1
DA:169,0
DA:172,1
DA:177,1
DA:178,1
DA:180,1
DA:181,0
DA:183,1
DA:184,0
DA:186,1
DA:187,0
DA:190,1
DA:191,1
DA:192,1
DA:194,1
DA:195,0
DA:197,1
DA:198,0
DA:200,1
DA:201,0
DA:204,1
DA:205,1
DA:206,1
DA:208,1
DA:209,0
DA:211,1
DA:212,0
DA:214,1
DA:215,0
DA:218,1
DA:233,1
DA:237,1
DA:248,1
DA:249,1
DA:250,1
DA:252,1
DA:253,1
DA:255,1
DA:274,1
DA:275,1
DA:277,1
DA:278,1
DA:279,0
DA:281,1
DA:283,1
DA:284,1
DA:286,0
DA:288,1
DA:290,0
DA:291,0
DA:292,0
DA:294,0
DA:296,1
DA:298,0
DA:299,0
DA:301,0
DA:303,0
DA:304,0
DA:306,0
DA:308,1
DA:310,0
DA:312,1
DA:314,0
LF:125
LH:86
end_of_record
TN:
SF:/var/jenkins_home/DevSecOps-proyectoUnir/venv/lib/python3.13/site-packages/flask/logging.py
DA:1,1
DA:3,1
DA:4,1
DA:5,1
DA:7,1
DA:9,1
DA:15,1
DA:16,1
DA:25,0
DA:28,1
DA:32,0
DA:33,0
DA:35,0
DA:36,0
DA:37,0
DA:39,0
DA:40,0
DA:42,0
DA:44,0
DA:49,1
DA:50,1
DA:55,1
DA:68,0
DA:70,0
DA:71,0
DA:73,0
DA:74,0
DA:76,0
LF:28
LH:12
end_of_record
TN:
SF:/var/jenkins_home/DevSecOps-proyectoUnir/venv/lib/python3.13/site-packages/flask/scaffold.py
DA:1,1
DA:3,1
DA:4,1
DA:5,1
DA:6,1
DA:7,1
DA:8,1
DA:9,1
DA:10,1
DA:12,1
DA:13,1
DA:14,1
DA:15,1
DA:17,1
DA:18,1
DA:19,1
DA:20,1
DA:21,1
DA:22,1
DA:28,1
DA:30,1
DA:31,1
DA:32,1
DA:33,1
DA:34,1
DA:35,1
DA:38,1
DA:39,1
DA:42,1
DA:45,1
DA:46,1
DA:48,1
DA:49,1
DA:50,1
DA:52,1
DA:55,1
DA:73,1
DA:74,1
DA:75,1
DA:77,1
DA:87,1
DA:89,1
DA:90,1
DA:95,1
DA:97,1
DA:98,1
DA:102,1
DA:108,1
DA:116,1
DA:131,1
DA:146,1
DA:160,1
DA:175,1
DA:190,1
DA:205,1
DA:221,1
DA:225,1
DA:226,0
DA:228,1
DA:231,1
DA:232,1
DA:236,1
DA:237,1
DA:239,0
DA:241,1
DA:242,1
DA:243,1
DA:244,1
DA:246,1
DA:248,1
DA:249,1
DA:254,1
DA:256,1
DA:257,1
DA:263,1
DA:264,0
DA:266,1
DA:267,1
DA:268,1
DA:270,0
DA:272,1
DA:273,1
DA:274,1
DA:275,0
DA:277,1
DA:279,1
DA:293,0
DA:295,0
DA:296,0
DA:298,0
DA:299,0
DA:301,0
DA:303,1
DA:311,0
DA:312,0
DA:316,0
DA:317,0
DA:321,1
DA:322,1
DA:329,0
DA:330,0
DA:332,0
DA:334,1
DA:352,0
DA:353,0
DA:355,0
DA:357,1
DA:363,0
DA:364,0
DA:366,0
DA:368,1
DA:369,1
DA:374,0
DA:376,1
DA:377,1
DA:382,0
DA:384,1
DA:385,1
DA:390,0
DA:392,1
DA:393,1
DA:398,0
DA:400,1
DA:401,1
DA:406,0
DA:408,1
DA:409,1
DA:433,1
DA:434,1
DA:435,1
DA:436,1
DA:438,1
DA:440,1
DA:441,1
DA:508,1
DA:509,1
DA:526,0
DA:527,0
DA:528,0
DA:530,0
DA:532,1
DA:533,1
DA:556,0
DA:557,0
DA:559,1
DA:560,1
DA:577,0
DA:578,0
DA:580,1
DA:581,1
DA:611,0
DA:612,0
DA:614,1
DA:615,1
DA:628,0
DA:629,0
DA:631,1
DA:632,1
DA:653,0
DA:654,0
DA:656,1
DA:657,1
DA:667,0
DA:668,0
DA:670,1
DA:671,1
DA:708,0
DA:709,0
DA:710,0
DA:712,0
DA:714,1
DA:715,1
DA:726,0
DA:727,0
DA:729,1
DA:730,1
DA:742,0
DA:743,0
DA:744,0
DA:745,0
DA:746,0
DA:752,0
DA:754,0
DA:755,0
DA:761,0
DA:762,0
DA:768,0
DA:769,0
DA:771,0
DA:774,1
DA:778,1
DA:779,1
DA:782,1
DA:784,1
DA:785,1
DA:786,0
DA:787,1
DA:788,1
DA:791,1
DA:793,1
DA:795,1
DA:796,1
DA:798,1
DA:799,0
DA:800,0
DA:806,0
DA:808,1
DA:810,0
DA:812,0
DA:814,0
DA:817,0
DA:824,0
DA:826,0
DA:827,1
DA:829,0
DA:832,1
DA:835,1
DA:848,1
DA:849,1
DA:852,1
DA:853,0
DA:855,1
DA:858,1
DA:859,0
DA:862,0
DA:863,0
DA:866,0
DA:867,0
DA:870,0
DA:873,1
LF:230
LH:148
end_of_record
TN:
SF:/var/jenkins_home/DevSecOps-proyectoUnir/venv/lib/python3.13/site-packages/flask/sessions.py
DA:1,1
DA:3,1
DA:4,1
DA:5,1
DA:6,1
DA:7,1
DA:9,1
DA:10,1
DA:11,1
DA:13,1
DA:20,1
DA:23,1
DA:24,1
DA:26,0
DA:28,1
DA:29,1
DA:30,0
DA:35,1
DA:40,1
DA:45,1
DA:48,1
DA:62,1
DA:68,1
DA:70,1
DA:71,1
DA:72,0
DA:73,0
DA:75,1
DA:77,1
DA:78,0
DA:79,0
DA:81,1
DA:82,0
DA:83,0
DA:85,1
DA:86,0
DA:87,0
DA:90,1
DA:96,1
DA:97,0
DA:103,1
DA:104,1
DA:107,1
DA:148,1
DA:155,1
DA:157,1
DA:167,1
DA:169,1
DA:176,1
DA:178,1
DA:180,0
DA:182,1
DA:192,0
DA:193,0
DA:195,1
DA:201,0
DA:203,1
DA:208,0
DA:210,1
DA:214,0
DA:216,1
DA:221,0
DA:223,1
DA:229,0
DA:230,0
DA:231,0
DA:233,1
DA:245,0
DA:249,1
DA:263,1
DA:273,1
DA:276,1
DA:283,1
DA:285,1
DA:288,1
DA:292,1
DA:293,1
DA:295,1
DA:296,1
DA:297,1
DA:298,0
DA:301,0
DA:308,1
DA:309,1
DA:310,1
DA:311,1
DA:312,0
DA:313,0
DA:314,0
DA:315,0
DA:316,0
DA:317,0
DA:318,0
DA:319,0
DA:320,0
DA:322,1
DA:325,0
DA:326,0
DA:327,0
DA:328,0
DA:329,0
DA:330,0
DA:333,0
DA:334,0
DA:338,0
DA:339,0
DA:340,0
DA:348,0
DA:350,0
DA:352,0
DA:353,0
DA:355,0
DA:356,0
DA:357,0
DA:367,0
LF:115
LH:63
end_of_record
TN:
SF:/var/jenkins_home/DevSecOps-proyectoUnir/venv/lib/python3.13/site-packages/flask/signals.py
DA:1,1
DA:3,1
DA:4,1
DA:6,1
DA:9,1
DA:11,1
DA:12,1
DA:13,1
DA:14,1
DA:15,1
DA:16,1
DA:17,1
DA:18,1
DA:19,1
DA:20,1
DA:23,1
DA:24,1
DA:25,0
DA:31,0
DA:33,1
LF:20
LH:18
end_of_record
TN:
SF:/var/jenkins_home/DevSecOps-proyectoUnir/venv/lib/python3.13/site-packages/flask/templating.py
DA:1,1
DA:3,1
DA:5,1
DA:6,1
DA:7,1
DA:8,1
DA:10,1
DA:11,1
DA:12,1
DA:13,1
DA:14,1
DA:15,1
DA:16,1
DA:23,1
DA:27,0
DA:28,0
DA:29,0
DA:30,0
DA:31,0
DA:32,0
DA:33,0
DA:34,0
DA:35,0
DA:38,1
DA:44,1
DA:45,0
DA:46,0
DA:47,0
DA:48,0
DA:51,1
DA:56,1
DA:57,0
DA:59,1
DA:62,0
DA:63,0
DA:64,0
DA:66,1
DA:69,0
DA:71,0
DA:73,0
DA:74,0
DA:75,0
DA:76,0
DA:77,0
DA:78,0
DA:79,0
DA:80,0
DA:82,0
DA:84,0
DA:86,0
DA:87,0
DA:88,0
DA:90,1
DA:93,0
DA:94,0
DA:95,0
DA:96,0
DA:97,0
DA:98,0
DA:100,1
DA:103,0
DA:104,0
DA:105,0
DA:107,0
DA:108,0
DA:109,0
DA:110,0
DA:112,1
DA:113,0
DA:114,0
DA:115,0
DA:116,0
DA:118,0
DA:119,0
DA:120,0
DA:121,0
DA:122,0
DA:124,0
DA:127,1
DA:128,0
DA:129,0
DA:132,0
DA:133,0
DA:136,0
DA:139,1
DA:149,0
DA:150,0
DA:151,0
DA:154,1
DA:161,0
DA:162,0
DA:163,0
DA:166,1
DA:169,0
DA:170,0
DA:174,0
DA:175,0
DA:176,0
DA:180,0
DA:183,0
DA:184,0
DA:186,0
DA:189,1
DA:203,0
DA:204,0
DA:205,0
DA:208,1
DA:218,0
DA:219,0
DA:220,0
LF:110
LH:29
end_of_record
TN:
SF:/var/jenkins_home/DevSecOps-proyectoUnir/venv/lib/python3.13/site-packages/flask/testing.py
DA:1,1
DA:3,1
DA:4,1
DA:5,1
DA:6,1
DA:7,1
DA:8,1
DA:9,1
DA:11,1
DA:12,1
DA:13,1
DA:14,1
DA:16,1
DA:17,1
DA:25,1
DA:47,1
DA:57,1
DA:63,1
DA:64,1
DA:65,1
DA:67,1
DA:68,0
DA:70,1
DA:71,1
DA:73,1
DA:74,1
DA:78,1
DA:80,1
DA:81,0
DA:82,0
DA:84,1
DA:85,1
DA:87,1
DA:93,1
DA:96,1
DA:99,1
DA:102,1
DA:103,1
DA:105,1
DA:108,1
DA:122,1
DA:124,1
DA:125,1
DA:126,1
DA:127,1
DA:128,1
DA:129,1
DA:134,1
DA:135,1
DA:154,0
DA:155,0
DA:159,0
DA:160,0
DA:161,0
DA:163,0
DA:164,0
DA:166,0
DA:167,0
DA:169,0
DA:170,0
DA:172,0
DA:173,0
DA:175,0
DA:176,0
DA:178,0
DA:184,1
DA:185,1
DA:187,1
DA:188,1
DA:190,1
DA:192,1
DA:193,1
DA:194,1
DA:196,1
DA:197,1
DA:199,1
DA:201,1
DA:208,1
DA:211,0
DA:212,0
DA:213,0
DA:214,0
DA:215,0
DA:216,0
DA:221,0
DA:222,0
DA:225,1
DA:230,1
DA:232,1
DA:237,1
DA:240,1
DA:241,1
DA:242,1
DA:244,1
DA:246,1
DA:247,1
DA:248,0
DA:249,1
DA:250,1
DA:252,1
DA:258,1
DA:259,1
DA:262,1
DA:268,1
DA:269,0
DA:270,0
DA:272,1
DA:289,0
DA:290,0
DA:292,0
DA:293,0
DA:295,0
LF:112
LH:77
end_of_record
TN:
SF:/var/jenkins_home/DevSecOps-proyectoUnir/venv/lib/python3.13/site-packages/flask/typing.py
DA:1,1
DA:3,1
DA:11,1
DA:24,1
DA:27,1
DA:34,1
DA:45,1
DA:47,1
DA:48,1
DA:52,1
DA:55,1
DA:59,1
DA:60,1
DA:64,1
DA:65,1
DA:66,1
DA:67,1
DA:68,1
DA:69,1
DA:77,1
DA:79,1
LF:21
LH:21
end_of_record
TN:
SF:/var/jenkins_home/DevSecOps-proyectoUnir/venv/lib/python3.13/site-packages/flask/views.py
DA:1,0
DA:3,0
DA:5,0
DA:6,0
DA:7,0
DA:10,0
DA:15,0
DA:50,0
DA:55,0
DA:63,0
DA:75,0
DA:77,0
DA:84,0
DA:85,0
DA:103,0
DA:105,0
DA:106,0
DA:109,0
DA:112,0
DA:114,0
DA:115,0
DA:117,0
DA:118,0
DA:119,0
DA:120,0
DA:121,0
DA:128,0
DA:129,0
DA:130,0
DA:131,0
DA:132,0
DA:133,0
DA:134,0
DA:137,0
DA:164,0
DA:165,0
DA:167,0
DA:168,0
DA:170,0
DA:171,0
DA:172,0
DA:174,0
DA:175,0
DA:176,0
DA:178,0
DA:179,0
DA:181,0
DA:182,0
DA:186,0
DA:187,0
DA:189,0
DA:190,0
LF:52
LH:0
end_of_record
TN:
SF:/var/jenkins_home/DevSecOps-proyectoUnir/venv/lib/python3.13/site-packages/flask/wrappers.py
DA:1,1
DA:3,1
DA:5,1
DA:6,1
DA:7,1
DA:9,1
DA:10,1
DA:11,1
DA:17,1
DA:30,1
DA:42,1
DA:46,1
DA:52,1
DA:54,1
DA:55,1
DA:57,1
DA:58,1
DA:60,0
DA:62,1
DA:63,1
DA:72,1
DA:73,1
DA:75,0
DA:77,1
DA:78,1
DA:89,1
DA:91,1
DA:92,0
DA:94,1
DA:96,1
DA:97,1
DA:106,1
DA:108,1
DA:109,1
DA:111,0
DA:113,1
DA:114,0
DA:118,0
DA:124,0
DA:126,0
DA:128,1
DA:129,0
DA:130,0
DA:131,0
DA:132,0
DA:133,0
DA:135,0
DA:138,1
DA:156,1
DA:158,1
DA:160,1
DA:162,1
DA:163,1
DA:169,0
DA:170,0
DA:173,0
LF:56
LH:39
end_of_record
