<?xml version="1.0" encoding="utf-8"?><testsuites name="pytest tests"><testsuite name="pytest" errors="0" failures="0" skipped="0" tests="9" time="0.265" timestamp="2025-06-28T13:00:20.441048+02:00" hostname="kali2"><testcase classname="tests.test_app" name="test_home_page" time="0.011" /><testcase classname="tests.test_app" name="test_suma_success" time="0.002" /><testcase classname="tests.test_app" name="test_resta_success" time="0.001" /><testcase classname="tests.test_app" name="test_suma_missing_parameters" time="0.002" /><testcase classname="tests.test_app" name="test_resta_invalid_content_type" time="0.002" /><testcase classname="tests.test_app" name="test_suma_non_numeric" time="0.003" /><testcase classname="tests.test_app" name="test_404_not_found" time="0.002" /><testcase classname="tests.test_app" name="test_405_method_not_allowed" time="0.001" /><testcase classname="tests.test_security_fallback" name="test_security_constants" time="0.001" /></testsuite></testsuites>