<?xml version="1.0" encoding="utf-8"?><testsuites name="pytest tests"><testsuite name="pytest" errors="0" failures="0" skipped="0" tests="8" time="0.581" timestamp="2025-06-21T19:36:05.459879+02:00" hostname="kali2"><testcase classname="tests.test_app" name="test_home_page" time="0.013" /><testcase classname="tests.test_app" name="test_suma_success" time="0.010" /><testcase classname="tests.test_app" name="test_resta_success" time="0.004" /><testcase classname="tests.test_app" name="test_suma_missing_parameters" time="0.008" /><testcase classname="tests.test_app" name="test_resta_invalid_content_type" time="0.005" /><testcase classname="tests.test_app" name="test_suma_non_numeric" time="0.005" /><testcase classname="tests.test_app" name="test_404_not_found" time="0.003" /><testcase classname="tests.test_app" name="test_405_method_not_allowed" time="0.003" /></testsuite></testsuites>